<?xml version="1.0" encoding="UTF-8"?>
<!-- Generated by org.testng.reporters.JUnitReportReporter -->
<testsuite hostname="KM-AMIRDI-7420" failures="0" tests="1" name="org.example.AppTest" time="0.005" errors="0" timestamp="2024-02-24T12:51:57 EET" skipped="0">
  <testcase classname="org.example.AppTest" name="yourNameTest" time="0.005"/>
  <system-out/>
</testsuite> <!-- org.example.AppTest -->
